{
  "uid" : "33f31e58e7cbbfd7",
  "name" : "test_updating_resource_by_id_99",
  "fullName" : "test_api.test_example.TestApi#test_updating_resource",
  "historyId" : "72fbef408e5f2aa8a0a51505a8d2beb2",
  "time" : {
    "start" : 1725468161334,
    "stop" : 1725468161583,
    "duration" : 249
  },
  "status" : "failed",
  "statusMessage" : "AssertionError: Result is not equal expected value",
  "statusTrace" : "self = <test_api.test_example.TestApi object at 0x7fbcfdccade0>, set_id = '99'\n\n    @allure.suite('PUT')\n    @pytest.mark.parametrize('set_id', (1, 10, 100, 1000, '99', -1))\n    def test_updating_resource(self, set_id):\n        allure.dynamic.title(f'test_updating_resource_by_id_{set_id}')\n        body = {'id': set_id,\n                'title': 'foo',\n                'body': 'bar',\n                'userId': 1}\n        response = API.put_updating_resource(\n            body=body,\n            set_id=set_id)\n        Checking.check_status_code(response, 200)\n>       Checking.check_json_value(response, 'id', set_id)\n\ntest_api/test_example.py:50: \n_ _ _ _ _ _ _ _ _ _ _ _ _ _ _ _ _ _ _ _ _ _ _ _ _ _ _ _ _ _ _ _ _ _ _ _ _ _ _ _ \n\nresponse = <Response [200]>, field_name = 'id', expected_value = '99'\n\n    @staticmethod\n    def check_json_value(response: requests.models.Response, field_name: str, expected_value):\n        \"\"\"\n        :param response: requests.models.Response\n        :param field_name:\n        :param expected_value:\n        \"\"\"\n        check = response.json()\n        check_info = check.get(field_name)\n        with allure.step(\n                f'Compare result request with expected value:'\n                f'\\nResponse: {response}\\nField name: {field_name}\\nValue: {expected_value}'):\n>           assert check_info == expected_value, 'Result is not equal expected value'\nE           AssertionError: Result is not equal expected value\n\ntest_api/checking.py:70: AssertionError",
  "flaky" : false,
  "newFailed" : false,
  "beforeStages" : [ ],
  "testStage" : {
    "status" : "failed",
    "statusMessage" : "AssertionError: Result is not equal expected value",
    "statusTrace" : "self = <test_api.test_example.TestApi object at 0x7fbcfdccade0>, set_id = '99'\n\n    @allure.suite('PUT')\n    @pytest.mark.parametrize('set_id', (1, 10, 100, 1000, '99', -1))\n    def test_updating_resource(self, set_id):\n        allure.dynamic.title(f'test_updating_resource_by_id_{set_id}')\n        body = {'id': set_id,\n                'title': 'foo',\n                'body': 'bar',\n                'userId': 1}\n        response = API.put_updating_resource(\n            body=body,\n            set_id=set_id)\n        Checking.check_status_code(response, 200)\n>       Checking.check_json_value(response, 'id', set_id)\n\ntest_api/test_example.py:50: \n_ _ _ _ _ _ _ _ _ _ _ _ _ _ _ _ _ _ _ _ _ _ _ _ _ _ _ _ _ _ _ _ _ _ _ _ _ _ _ _ \n\nresponse = <Response [200]>, field_name = 'id', expected_value = '99'\n\n    @staticmethod\n    def check_json_value(response: requests.models.Response, field_name: str, expected_value):\n        \"\"\"\n        :param response: requests.models.Response\n        :param field_name:\n        :param expected_value:\n        \"\"\"\n        check = response.json()\n        check_info = check.get(field_name)\n        with allure.step(\n                f'Compare result request with expected value:'\n                f'\\nResponse: {response}\\nField name: {field_name}\\nValue: {expected_value}'):\n>           assert check_info == expected_value, 'Result is not equal expected value'\nE           AssertionError: Result is not equal expected value\n\ntest_api/checking.py:70: AssertionError",
    "steps" : [ {
      "name" : "Endpoint: /posts/99",
      "time" : {
        "start" : 1725468161582,
        "stop" : 1725468161582,
        "duration" : 0
      },
      "status" : "passed",
      "steps" : [ ],
      "attachments" : [ ],
      "parameters" : [ ],
      "stepsCount" : 0,
      "attachmentsCount" : 0,
      "shouldDisplayMessage" : false,
      "hasContent" : false
    }, {
      "name" : "Request:",
      "time" : {
        "start" : 1725468161583,
        "stop" : 1725468161583,
        "duration" : 0
      },
      "status" : "passed",
      "steps" : [ {
        "name" : "Url: https://jsonplaceholder.typicode.com/posts/99",
        "time" : {
          "start" : 1725468161583,
          "stop" : 1725468161583,
          "duration" : 0
        },
        "status" : "passed",
        "steps" : [ ],
        "attachments" : [ ],
        "parameters" : [ ],
        "stepsCount" : 0,
        "attachmentsCount" : 0,
        "shouldDisplayMessage" : false,
        "hasContent" : false
      }, {
        "name" : "Headers: {'Content-Type': 'application/json; charset=UTF-8', 'Authorization': ''}",
        "time" : {
          "start" : 1725468161583,
          "stop" : 1725468161583,
          "duration" : 0
        },
        "status" : "passed",
        "steps" : [ ],
        "attachments" : [ ],
        "parameters" : [ ],
        "stepsCount" : 0,
        "attachmentsCount" : 0,
        "shouldDisplayMessage" : false,
        "hasContent" : false
      }, {
        "name" : "Body: {'id': '99', 'title': 'foo', 'body': 'bar', 'userId': 1}",
        "time" : {
          "start" : 1725468161583,
          "stop" : 1725468161583,
          "duration" : 0
        },
        "status" : "passed",
        "steps" : [ ],
        "attachments" : [ ],
        "parameters" : [ ],
        "stepsCount" : 0,
        "attachmentsCount" : 0,
        "shouldDisplayMessage" : false,
        "hasContent" : false
      } ],
      "attachments" : [ ],
      "parameters" : [ ],
      "stepsCount" : 3,
      "attachmentsCount" : 0,
      "shouldDisplayMessage" : false,
      "hasContent" : true
    }, {
      "name" : "Response:",
      "time" : {
        "start" : 1725468161583,
        "stop" : 1725468161583,
        "duration" : 0
      },
      "status" : "passed",
      "steps" : [ {
        "name" : "Status code: 200",
        "time" : {
          "start" : 1725468161583,
          "stop" : 1725468161583,
          "duration" : 0
        },
        "status" : "passed",
        "steps" : [ ],
        "attachments" : [ ],
        "parameters" : [ ],
        "stepsCount" : 0,
        "attachmentsCount" : 0,
        "shouldDisplayMessage" : false,
        "hasContent" : false
      }, {
        "name" : "JSON: {\n  \"id\": 99,\n  \"title\": \"foo\",\n  \"body\": \"bar\",\n  \"userId\": 1\n}",
        "time" : {
          "start" : 1725468161583,
          "stop" : 1725468161583,
          "duration" : 0
        },
        "status" : "passed",
        "steps" : [ ],
        "attachments" : [ ],
        "parameters" : [ ],
        "stepsCount" : 0,
        "attachmentsCount" : 0,
        "shouldDisplayMessage" : false,
        "hasContent" : false
      } ],
      "attachments" : [ ],
      "parameters" : [ ],
      "stepsCount" : 2,
      "attachmentsCount" : 0,
      "shouldDisplayMessage" : false,
      "hasContent" : true
    }, {
      "name" : "Assert status code: 200 == Response status code: 200",
      "time" : {
        "start" : 1725468161583,
        "stop" : 1725468161583,
        "duration" : 0
      },
      "status" : "passed",
      "steps" : [ ],
      "attachments" : [ ],
      "parameters" : [ ],
      "stepsCount" : 0,
      "attachmentsCount" : 0,
      "shouldDisplayMessage" : false,
      "hasContent" : false
    }, {
      "name" : "Compare result request with expected value:\nResponse: <Response [200]>\nField name: id\nValue: 99",
      "time" : {
        "start" : 1725468161583,
        "stop" : 1725468161583,
        "duration" : 0
      },
      "status" : "failed",
      "statusMessage" : "AssertionError: Result is not equal expected value\n",
      "statusTrace" : "  File \"/home/runner/work/new_test_task/new_test_task/test_api/checking.py\", line 70, in check_json_value\n    assert check_info == expected_value, 'Result is not equal expected value'\n           ^^^^^^^^^^^^^^^^^^^^^^^^^^^^\n",
      "steps" : [ ],
      "attachments" : [ ],
      "parameters" : [ ],
      "stepsCount" : 0,
      "attachmentsCount" : 0,
      "shouldDisplayMessage" : true,
      "hasContent" : true
    } ],
    "attachments" : [ ],
    "parameters" : [ ],
    "stepsCount" : 10,
    "attachmentsCount" : 0,
    "shouldDisplayMessage" : true,
    "hasContent" : true
  },
  "afterStages" : [ ],
  "labels" : [ {
    "name" : "epic",
    "value" : "API."
  }, {
    "name" : "suite",
    "value" : "PUT"
  }, {
    "name" : "parentSuite",
    "value" : "test_api"
  }, {
    "name" : "subSuite",
    "value" : "TestApi"
  }, {
    "name" : "host",
    "value" : "fv-az1766-741"
  }, {
    "name" : "thread",
    "value" : "2219-MainThread"
  }, {
    "name" : "framework",
    "value" : "pytest"
  }, {
    "name" : "language",
    "value" : "cpython3"
  }, {
    "name" : "package",
    "value" : "test_api.test_example"
  }, {
    "name" : "resultFormat",
    "value" : "allure2"
  } ],
  "parameters" : [ {
    "name" : "set_id",
    "value" : "'99'"
  } ],
  "links" : [ ],
  "hidden" : false,
  "retry" : false,
  "extra" : {
    "severity" : "normal",
    "retries" : [ ],
    "categories" : [ {
      "name" : "Product defects",
      "matchedStatuses" : [ ],
      "flaky" : false
    } ],
    "history" : {
      "statistic" : {
        "failed" : 4,
        "broken" : 0,
        "skipped" : 0,
        "passed" : 0,
        "unknown" : 0,
        "total" : 4
      },
      "items" : [ {
        "uid" : "d6637127614676dd",
        "reportUrl" : "https://lambotik.github.io/new_test_task/6//#testresult/d6637127614676dd",
        "status" : "failed",
        "statusDetails" : "AssertionError: Result is not equal expected value",
        "time" : {
          "start" : 1725467654423,
          "stop" : 1725467654598,
          "duration" : 175
        }
      }, {
        "uid" : "73a2429daac03b9e",
        "reportUrl" : "https://lambotik.github.io/new_test_task/5//#testresult/73a2429daac03b9e",
        "status" : "failed",
        "statusDetails" : "AssertionError: Result is not equal expected value",
        "time" : {
          "start" : 1725461883295,
          "stop" : 1725461883543,
          "duration" : 248
        }
      }, {
        "uid" : "9f92ae4bac16aba5",
        "reportUrl" : "https://lambotik.github.io/new_test_task/4//#testresult/9f92ae4bac16aba5",
        "status" : "failed",
        "statusDetails" : "AssertionError: Result is not equal expected value",
        "time" : {
          "start" : 1725461217727,
          "stop" : 1725461217855,
          "duration" : 128
        }
      } ]
    },
    "tags" : [ ]
  },
  "source" : "33f31e58e7cbbfd7.json",
  "parameterValues" : [ "'99'" ]
}