{
  "uid" : "7ba08ed68ed09dec",
  "name" : "test_updating_resource_by_id_-1",
  "fullName" : "test_api.test_example.TestApi#test_updating_resource",
  "historyId" : "900bb32f4f2a71ee3e6aaab5f0cbfd84",
  "time" : {
    "start" : 1725468161589,
    "stop" : 1725468161835,
    "duration" : 246
  },
  "status" : "failed",
  "statusMessage" : "AssertionError: Incorrect status code: 500",
  "statusTrace" : "self = <test_api.test_example.TestApi object at 0x7fbcfdccae70>, set_id = -1\n\n    @allure.suite('PUT')\n    @pytest.mark.parametrize('set_id', (1, 10, 100, 1000, '99', -1))\n    def test_updating_resource(self, set_id):\n        allure.dynamic.title(f'test_updating_resource_by_id_{set_id}')\n        body = {'id': set_id,\n                'title': 'foo',\n                'body': 'bar',\n                'userId': 1}\n        response = API.put_updating_resource(\n            body=body,\n            set_id=set_id)\n>       Checking.check_status_code(response, 200)\n\ntest_api/test_example.py:49: \n_ _ _ _ _ _ _ _ _ _ _ _ _ _ _ _ _ _ _ _ _ _ _ _ _ _ _ _ _ _ _ _ _ _ _ _ _ _ _ _ \n\nresult = <Response [500]>, status_code = 200\n\n    @staticmethod\n    def check_status_code(result: requests.models.Response, status_code: int):\n        \"\"\"\n        Method check status code\n        :param result: Response\n        :param status_code:\n        \"\"\"\n        with allure.step(f'Assert status code: {status_code} == Response status code: {result.status_code}'):\n>           assert status_code == result.status_code, f'Incorrect status code: {result.status_code}'\nE           AssertionError: Incorrect status code: 500\n\ntest_api/checking.py:16: AssertionError",
  "flaky" : false,
  "newFailed" : false,
  "beforeStages" : [ ],
  "testStage" : {
    "status" : "failed",
    "statusMessage" : "AssertionError: Incorrect status code: 500",
    "statusTrace" : "self = <test_api.test_example.TestApi object at 0x7fbcfdccae70>, set_id = -1\n\n    @allure.suite('PUT')\n    @pytest.mark.parametrize('set_id', (1, 10, 100, 1000, '99', -1))\n    def test_updating_resource(self, set_id):\n        allure.dynamic.title(f'test_updating_resource_by_id_{set_id}')\n        body = {'id': set_id,\n                'title': 'foo',\n                'body': 'bar',\n                'userId': 1}\n        response = API.put_updating_resource(\n            body=body,\n            set_id=set_id)\n>       Checking.check_status_code(response, 200)\n\ntest_api/test_example.py:49: \n_ _ _ _ _ _ _ _ _ _ _ _ _ _ _ _ _ _ _ _ _ _ _ _ _ _ _ _ _ _ _ _ _ _ _ _ _ _ _ _ \n\nresult = <Response [500]>, status_code = 200\n\n    @staticmethod\n    def check_status_code(result: requests.models.Response, status_code: int):\n        \"\"\"\n        Method check status code\n        :param result: Response\n        :param status_code:\n        \"\"\"\n        with allure.step(f'Assert status code: {status_code} == Response status code: {result.status_code}'):\n>           assert status_code == result.status_code, f'Incorrect status code: {result.status_code}'\nE           AssertionError: Incorrect status code: 500\n\ntest_api/checking.py:16: AssertionError",
    "steps" : [ {
      "name" : "Endpoint: /posts/-1",
      "time" : {
        "start" : 1725468161835,
        "stop" : 1725468161835,
        "duration" : 0
      },
      "status" : "passed",
      "steps" : [ ],
      "attachments" : [ ],
      "parameters" : [ ],
      "stepsCount" : 0,
      "attachmentsCount" : 0,
      "shouldDisplayMessage" : false,
      "hasContent" : false
    }, {
      "name" : "Request:",
      "time" : {
        "start" : 1725468161835,
        "stop" : 1725468161835,
        "duration" : 0
      },
      "status" : "passed",
      "steps" : [ {
        "name" : "Url: https://jsonplaceholder.typicode.com/posts/-1",
        "time" : {
          "start" : 1725468161835,
          "stop" : 1725468161835,
          "duration" : 0
        },
        "status" : "passed",
        "steps" : [ ],
        "attachments" : [ ],
        "parameters" : [ ],
        "stepsCount" : 0,
        "attachmentsCount" : 0,
        "shouldDisplayMessage" : false,
        "hasContent" : false
      }, {
        "name" : "Headers: {'Content-Type': 'application/json; charset=UTF-8', 'Authorization': ''}",
        "time" : {
          "start" : 1725468161835,
          "stop" : 1725468161835,
          "duration" : 0
        },
        "status" : "passed",
        "steps" : [ ],
        "attachments" : [ ],
        "parameters" : [ ],
        "stepsCount" : 0,
        "attachmentsCount" : 0,
        "shouldDisplayMessage" : false,
        "hasContent" : false
      }, {
        "name" : "Body: {'id': -1, 'title': 'foo', 'body': 'bar', 'userId': 1}",
        "time" : {
          "start" : 1725468161835,
          "stop" : 1725468161835,
          "duration" : 0
        },
        "status" : "passed",
        "steps" : [ ],
        "attachments" : [ ],
        "parameters" : [ ],
        "stepsCount" : 0,
        "attachmentsCount" : 0,
        "shouldDisplayMessage" : false,
        "hasContent" : false
      } ],
      "attachments" : [ ],
      "parameters" : [ ],
      "stepsCount" : 3,
      "attachmentsCount" : 0,
      "shouldDisplayMessage" : false,
      "hasContent" : true
    }, {
      "name" : "Response:",
      "time" : {
        "start" : 1725468161835,
        "stop" : 1725468161835,
        "duration" : 0
      },
      "status" : "passed",
      "steps" : [ {
        "name" : "Status code: 500",
        "time" : {
          "start" : 1725468161835,
          "stop" : 1725468161835,
          "duration" : 0
        },
        "status" : "passed",
        "steps" : [ ],
        "attachments" : [ ],
        "parameters" : [ ],
        "stepsCount" : 0,
        "attachmentsCount" : 0,
        "shouldDisplayMessage" : false,
        "hasContent" : false
      }, {
        "name" : "JSON: TypeError: Cannot read properties of undefined (reading 'id')\n    at update (/app/node_modules/json-server/lib/server/router/plural.js:262:24)\n    at Layer.handle [as handle_request] (/app/node_modules/express/lib/router/layer.js:95:5)\n    at next (/app/node_modules/express/lib/router/route.js:137:13)\n    at next (/app/node_modules/express/lib/router/route.js:131:14)\n    at Route.dispatch (/app/node_modules/express/lib/router/route.js:112:3)\n    at Layer.handle [as handle_request] (/app/node_modules/express/lib/router/layer.js:95:5)\n    at /app/node_modules/express/lib/router/index.js:281:22\n    at param (/app/node_modules/express/lib/router/index.js:354:14)\n    at param (/app/node_modules/express/lib/router/index.js:365:14)\n    at Function.process_params (/app/node_modules/express/lib/router/index.js:410:3)",
        "time" : {
          "start" : 1725468161835,
          "stop" : 1725468161835,
          "duration" : 0
        },
        "status" : "passed",
        "steps" : [ ],
        "attachments" : [ ],
        "parameters" : [ ],
        "stepsCount" : 0,
        "attachmentsCount" : 0,
        "shouldDisplayMessage" : false,
        "hasContent" : false
      } ],
      "attachments" : [ ],
      "parameters" : [ ],
      "stepsCount" : 2,
      "attachmentsCount" : 0,
      "shouldDisplayMessage" : false,
      "hasContent" : true
    }, {
      "name" : "Assert status code: 200 == Response status code: 500",
      "time" : {
        "start" : 1725468161835,
        "stop" : 1725468161835,
        "duration" : 0
      },
      "status" : "failed",
      "statusMessage" : "AssertionError: Incorrect status code: 500\n",
      "statusTrace" : "  File \"/home/runner/work/new_test_task/new_test_task/test_api/checking.py\", line 16, in check_status_code\n    assert status_code == result.status_code, f'Incorrect status code: {result.status_code}'\n           ^^^^^^^^^^^^^^^^^^^^^^^^^^^^^^^^^\n",
      "steps" : [ ],
      "attachments" : [ ],
      "parameters" : [ ],
      "stepsCount" : 0,
      "attachmentsCount" : 0,
      "shouldDisplayMessage" : true,
      "hasContent" : true
    } ],
    "attachments" : [ ],
    "parameters" : [ ],
    "stepsCount" : 9,
    "attachmentsCount" : 0,
    "shouldDisplayMessage" : true,
    "hasContent" : true
  },
  "afterStages" : [ ],
  "labels" : [ {
    "name" : "epic",
    "value" : "API."
  }, {
    "name" : "suite",
    "value" : "PUT"
  }, {
    "name" : "parentSuite",
    "value" : "test_api"
  }, {
    "name" : "subSuite",
    "value" : "TestApi"
  }, {
    "name" : "host",
    "value" : "fv-az1766-741"
  }, {
    "name" : "thread",
    "value" : "2219-MainThread"
  }, {
    "name" : "framework",
    "value" : "pytest"
  }, {
    "name" : "language",
    "value" : "cpython3"
  }, {
    "name" : "package",
    "value" : "test_api.test_example"
  }, {
    "name" : "resultFormat",
    "value" : "allure2"
  } ],
  "parameters" : [ {
    "name" : "set_id",
    "value" : "-1"
  } ],
  "links" : [ ],
  "hidden" : false,
  "retry" : false,
  "extra" : {
    "severity" : "normal",
    "retries" : [ ],
    "categories" : [ {
      "name" : "Product defects",
      "matchedStatuses" : [ ],
      "flaky" : false
    } ],
    "history" : {
      "statistic" : {
        "failed" : 4,
        "broken" : 0,
        "skipped" : 0,
        "passed" : 0,
        "unknown" : 0,
        "total" : 4
      },
      "items" : [ {
        "uid" : "a45b4e5ed163a7c9",
        "reportUrl" : "https://lambotik.github.io/new_test_task/6//#testresult/a45b4e5ed163a7c9",
        "status" : "failed",
        "statusDetails" : "AssertionError: Incorrect status code: 500",
        "time" : {
          "start" : 1725467654605,
          "stop" : 1725467654786,
          "duration" : 181
        }
      }, {
        "uid" : "f17171b276fd762d",
        "reportUrl" : "https://lambotik.github.io/new_test_task/5//#testresult/f17171b276fd762d",
        "status" : "failed",
        "statusDetails" : "AssertionError: Incorrect status code: 500",
        "time" : {
          "start" : 1725461883550,
          "stop" : 1725461883798,
          "duration" : 248
        }
      }, {
        "uid" : "9c724c324aee601d",
        "reportUrl" : "https://lambotik.github.io/new_test_task/4//#testresult/9c724c324aee601d",
        "status" : "failed",
        "statusDetails" : "AssertionError: Incorrect status code: 500",
        "time" : {
          "start" : 1725461217862,
          "stop" : 1725461218015,
          "duration" : 153
        }
      } ]
    },
    "tags" : [ ]
  },
  "source" : "7ba08ed68ed09dec.json",
  "parameterValues" : [ "-1" ]
}