{
  "uid" : "ad4509bd5f1a9758",
  "name" : "test_delete_resource_by_id_100_and_check_it",
  "fullName" : "test_api.test_example.TestApi#test_delete_resource",
  "historyId" : "c39590dc2fcd3f37ae9c440d43cf5042",
  "time" : {
    "start" : 1725468347356,
    "stop" : 1725468347639,
    "duration" : 283
  },
  "status" : "skipped",
  "statusMessage" : "XFAIL Some tests should fail due to invalid data.\n\nAssertionError: Incorrect status code: 200",
  "statusTrace" : "self = <test_api.test_example.TestApi object at 0x7f3c3f327110>, set_id = 100\n\n    @allure.suite('DELETE')\n    @pytest.mark.parametrize('set_id', (1, 10, 100, 1000, '99', -1))\n    @pytest.mark.xfail(reason=\"Some tests should fail due to invalid data.\")\n    def test_delete_resource(self, set_id):\n        allure.dynamic.title(f'test_delete_resource_by_id_{set_id}_and_check_it')\n        response = API.delete_resource(set_id=set_id)\n        Checking.check_status_code(response, 200)\n        assert response.text == '{}'\n        response = API.get_posts_by_id(set_id)\n>       Checking.check_status_code(response, 404)\n\ntest_api/test_example.py:70: \n_ _ _ _ _ _ _ _ _ _ _ _ _ _ _ _ _ _ _ _ _ _ _ _ _ _ _ _ _ _ _ _ _ _ _ _ _ _ _ _ \n\nresult = <Response [200]>, status_code = 404\n\n    @staticmethod\n    def check_status_code(result: requests.models.Response, status_code: int):\n        \"\"\"\n        Method check status code\n        :param result: Response\n        :param status_code:\n        \"\"\"\n        with allure.step(f'Assert status code: {status_code} == Response status code: {result.status_code}'):\n>           assert status_code == result.status_code, f'Incorrect status code: {result.status_code}'\nE           AssertionError: Incorrect status code: 200\n\ntest_api/checking.py:16: AssertionError",
  "flaky" : false,
  "newFailed" : false,
  "beforeStages" : [ ],
  "testStage" : {
    "status" : "skipped",
    "statusMessage" : "XFAIL Some tests should fail due to invalid data.\n\nAssertionError: Incorrect status code: 200",
    "statusTrace" : "self = <test_api.test_example.TestApi object at 0x7f3c3f327110>, set_id = 100\n\n    @allure.suite('DELETE')\n    @pytest.mark.parametrize('set_id', (1, 10, 100, 1000, '99', -1))\n    @pytest.mark.xfail(reason=\"Some tests should fail due to invalid data.\")\n    def test_delete_resource(self, set_id):\n        allure.dynamic.title(f'test_delete_resource_by_id_{set_id}_and_check_it')\n        response = API.delete_resource(set_id=set_id)\n        Checking.check_status_code(response, 200)\n        assert response.text == '{}'\n        response = API.get_posts_by_id(set_id)\n>       Checking.check_status_code(response, 404)\n\ntest_api/test_example.py:70: \n_ _ _ _ _ _ _ _ _ _ _ _ _ _ _ _ _ _ _ _ _ _ _ _ _ _ _ _ _ _ _ _ _ _ _ _ _ _ _ _ \n\nresult = <Response [200]>, status_code = 404\n\n    @staticmethod\n    def check_status_code(result: requests.models.Response, status_code: int):\n        \"\"\"\n        Method check status code\n        :param result: Response\n        :param status_code:\n        \"\"\"\n        with allure.step(f'Assert status code: {status_code} == Response status code: {result.status_code}'):\n>           assert status_code == result.status_code, f'Incorrect status code: {result.status_code}'\nE           AssertionError: Incorrect status code: 200\n\ntest_api/checking.py:16: AssertionError",
    "steps" : [ {
      "name" : "Endpoint: /posts/100",
      "time" : {
        "start" : 1725468347605,
        "stop" : 1725468347605,
        "duration" : 0
      },
      "status" : "passed",
      "steps" : [ ],
      "attachments" : [ ],
      "parameters" : [ ],
      "stepsCount" : 0,
      "attachmentsCount" : 0,
      "shouldDisplayMessage" : false,
      "hasContent" : false
    }, {
      "name" : "Request:",
      "time" : {
        "start" : 1725468347605,
        "stop" : 1725468347605,
        "duration" : 0
      },
      "status" : "passed",
      "steps" : [ {
        "name" : "Url: https://jsonplaceholder.typicode.com/posts/100",
        "time" : {
          "start" : 1725468347605,
          "stop" : 1725468347605,
          "duration" : 0
        },
        "status" : "passed",
        "steps" : [ ],
        "attachments" : [ ],
        "parameters" : [ ],
        "stepsCount" : 0,
        "attachmentsCount" : 0,
        "shouldDisplayMessage" : false,
        "hasContent" : false
      }, {
        "name" : "Headers: {'Content-Type': 'application/json; charset=UTF-8', 'Authorization': ''}",
        "time" : {
          "start" : 1725468347605,
          "stop" : 1725468347605,
          "duration" : 0
        },
        "status" : "passed",
        "steps" : [ ],
        "attachments" : [ ],
        "parameters" : [ ],
        "stepsCount" : 0,
        "attachmentsCount" : 0,
        "shouldDisplayMessage" : false,
        "hasContent" : false
      }, {
        "name" : "Body: None",
        "time" : {
          "start" : 1725468347605,
          "stop" : 1725468347605,
          "duration" : 0
        },
        "status" : "passed",
        "steps" : [ ],
        "attachments" : [ ],
        "parameters" : [ ],
        "stepsCount" : 0,
        "attachmentsCount" : 0,
        "shouldDisplayMessage" : false,
        "hasContent" : false
      } ],
      "attachments" : [ ],
      "parameters" : [ ],
      "stepsCount" : 3,
      "attachmentsCount" : 0,
      "shouldDisplayMessage" : false,
      "hasContent" : true
    }, {
      "name" : "Response:",
      "time" : {
        "start" : 1725468347605,
        "stop" : 1725468347605,
        "duration" : 0
      },
      "status" : "passed",
      "steps" : [ {
        "name" : "Status code: 200",
        "time" : {
          "start" : 1725468347605,
          "stop" : 1725468347605,
          "duration" : 0
        },
        "status" : "passed",
        "steps" : [ ],
        "attachments" : [ ],
        "parameters" : [ ],
        "stepsCount" : 0,
        "attachmentsCount" : 0,
        "shouldDisplayMessage" : false,
        "hasContent" : false
      }, {
        "name" : "JSON: {}",
        "time" : {
          "start" : 1725468347605,
          "stop" : 1725468347605,
          "duration" : 0
        },
        "status" : "passed",
        "steps" : [ ],
        "attachments" : [ ],
        "parameters" : [ ],
        "stepsCount" : 0,
        "attachmentsCount" : 0,
        "shouldDisplayMessage" : false,
        "hasContent" : false
      } ],
      "attachments" : [ ],
      "parameters" : [ ],
      "stepsCount" : 2,
      "attachmentsCount" : 0,
      "shouldDisplayMessage" : false,
      "hasContent" : true
    }, {
      "name" : "Assert status code: 200 == Response status code: 200",
      "time" : {
        "start" : 1725468347605,
        "stop" : 1725468347605,
        "duration" : 0
      },
      "status" : "passed",
      "steps" : [ ],
      "attachments" : [ ],
      "parameters" : [ ],
      "stepsCount" : 0,
      "attachmentsCount" : 0,
      "shouldDisplayMessage" : false,
      "hasContent" : false
    }, {
      "name" : "Endpoint: /posts/100",
      "time" : {
        "start" : 1725468347639,
        "stop" : 1725468347639,
        "duration" : 0
      },
      "status" : "passed",
      "steps" : [ ],
      "attachments" : [ ],
      "parameters" : [ ],
      "stepsCount" : 0,
      "attachmentsCount" : 0,
      "shouldDisplayMessage" : false,
      "hasContent" : false
    }, {
      "name" : "Request:",
      "time" : {
        "start" : 1725468347639,
        "stop" : 1725468347639,
        "duration" : 0
      },
      "status" : "passed",
      "steps" : [ {
        "name" : "Url: https://jsonplaceholder.typicode.com/posts/100",
        "time" : {
          "start" : 1725468347639,
          "stop" : 1725468347639,
          "duration" : 0
        },
        "status" : "passed",
        "steps" : [ ],
        "attachments" : [ ],
        "parameters" : [ ],
        "stepsCount" : 0,
        "attachmentsCount" : 0,
        "shouldDisplayMessage" : false,
        "hasContent" : false
      }, {
        "name" : "Headers: {'Content-Type': 'application/json; charset=UTF-8', 'Authorization': ''}",
        "time" : {
          "start" : 1725468347639,
          "stop" : 1725468347639,
          "duration" : 0
        },
        "status" : "passed",
        "steps" : [ ],
        "attachments" : [ ],
        "parameters" : [ ],
        "stepsCount" : 0,
        "attachmentsCount" : 0,
        "shouldDisplayMessage" : false,
        "hasContent" : false
      }, {
        "name" : "Body: None",
        "time" : {
          "start" : 1725468347639,
          "stop" : 1725468347639,
          "duration" : 0
        },
        "status" : "passed",
        "steps" : [ ],
        "attachments" : [ ],
        "parameters" : [ ],
        "stepsCount" : 0,
        "attachmentsCount" : 0,
        "shouldDisplayMessage" : false,
        "hasContent" : false
      } ],
      "attachments" : [ ],
      "parameters" : [ ],
      "stepsCount" : 3,
      "attachmentsCount" : 0,
      "shouldDisplayMessage" : false,
      "hasContent" : true
    }, {
      "name" : "Response:",
      "time" : {
        "start" : 1725468347639,
        "stop" : 1725468347639,
        "duration" : 0
      },
      "status" : "passed",
      "steps" : [ {
        "name" : "Status code: 200",
        "time" : {
          "start" : 1725468347639,
          "stop" : 1725468347639,
          "duration" : 0
        },
        "status" : "passed",
        "steps" : [ ],
        "attachments" : [ ],
        "parameters" : [ ],
        "stepsCount" : 0,
        "attachmentsCount" : 0,
        "shouldDisplayMessage" : false,
        "hasContent" : false
      }, {
        "name" : "JSON: {\n  \"userId\": 10,\n  \"id\": 100,\n  \"title\": \"at nam consequatur ea labore ea harum\",\n  \"body\": \"cupiditate quo est a modi nesciunt soluta\\nipsa voluptas error itaque dicta in\\nautem qui minus magnam et distinctio eum\\naccusamus ratione error aut\"\n}",
        "time" : {
          "start" : 1725468347639,
          "stop" : 1725468347639,
          "duration" : 0
        },
        "status" : "passed",
        "steps" : [ ],
        "attachments" : [ ],
        "parameters" : [ ],
        "stepsCount" : 0,
        "attachmentsCount" : 0,
        "shouldDisplayMessage" : false,
        "hasContent" : false
      } ],
      "attachments" : [ ],
      "parameters" : [ ],
      "stepsCount" : 2,
      "attachmentsCount" : 0,
      "shouldDisplayMessage" : false,
      "hasContent" : true
    }, {
      "name" : "Assert status code: 404 == Response status code: 200",
      "time" : {
        "start" : 1725468347639,
        "stop" : 1725468347639,
        "duration" : 0
      },
      "status" : "failed",
      "statusMessage" : "AssertionError: Incorrect status code: 200\n",
      "statusTrace" : "  File \"/home/runner/work/new_test_task/new_test_task/test_api/checking.py\", line 16, in check_status_code\n    assert status_code == result.status_code, f'Incorrect status code: {result.status_code}'\n           ^^^^^^^^^^^^^^^^^^^^^^^^^^^^^^^^^\n",
      "steps" : [ ],
      "attachments" : [ ],
      "parameters" : [ ],
      "stepsCount" : 0,
      "attachmentsCount" : 0,
      "shouldDisplayMessage" : true,
      "hasContent" : true
    } ],
    "attachments" : [ ],
    "parameters" : [ ],
    "stepsCount" : 18,
    "attachmentsCount" : 0,
    "shouldDisplayMessage" : true,
    "hasContent" : true
  },
  "afterStages" : [ ],
  "labels" : [ {
    "name" : "epic",
    "value" : "API."
  }, {
    "name" : "suite",
    "value" : "DELETE"
  }, {
    "name" : "tag",
    "value" : "@pytest.mark.xfail(reason='Some tests should fail due to invalid data.')"
  }, {
    "name" : "parentSuite",
    "value" : "test_api"
  }, {
    "name" : "subSuite",
    "value" : "TestApi"
  }, {
    "name" : "host",
    "value" : "fv-az1109-92"
  }, {
    "name" : "thread",
    "value" : "2255-MainThread"
  }, {
    "name" : "framework",
    "value" : "pytest"
  }, {
    "name" : "language",
    "value" : "cpython3"
  }, {
    "name" : "package",
    "value" : "test_api.test_example"
  }, {
    "name" : "resultFormat",
    "value" : "allure2"
  } ],
  "parameters" : [ {
    "name" : "set_id",
    "value" : "100"
  } ],
  "links" : [ ],
  "hidden" : false,
  "retry" : false,
  "extra" : {
    "severity" : "normal",
    "retries" : [ ],
    "categories" : [ ],
    "history" : {
      "statistic" : {
        "failed" : 0,
        "broken" : 0,
        "skipped" : 5,
        "passed" : 0,
        "unknown" : 0,
        "total" : 5
      },
      "items" : [ {
        "uid" : "a8093d41e24d171c",
        "reportUrl" : "https://lambotik.github.io/new_test_task/7//#testresult/a8093d41e24d171c",
        "status" : "skipped",
        "statusDetails" : "XFAIL Some tests should fail due to invalid data.\n\nAssertionError: Incorrect status code: 200",
        "time" : {
          "start" : 1725468162391,
          "stop" : 1725468162677,
          "duration" : 286
        }
      }, {
        "uid" : "c6baea5289f5bdf5",
        "reportUrl" : "https://lambotik.github.io/new_test_task/6//#testresult/c6baea5289f5bdf5",
        "status" : "skipped",
        "statusDetails" : "XFAIL Some tests should fail due to invalid data.\n\nAssertionError: Incorrect status code: 200",
        "time" : {
          "start" : 1725467655083,
          "stop" : 1725467655232,
          "duration" : 149
        }
      }, {
        "uid" : "c75dd8756c2f7d6e",
        "reportUrl" : "https://lambotik.github.io/new_test_task/5//#testresult/c75dd8756c2f7d6e",
        "status" : "skipped",
        "statusDetails" : "XFAIL Some tests should fail due to invalid data.\n\nAssertionError: Incorrect status code: 200",
        "time" : {
          "start" : 1725461884328,
          "stop" : 1725461884661,
          "duration" : 333
        }
      }, {
        "uid" : "95471f6717b394ed",
        "reportUrl" : "https://lambotik.github.io/new_test_task/4//#testresult/95471f6717b394ed",
        "status" : "skipped",
        "statusDetails" : "XFAIL Some tests should fail due to invalid data.\n\nAssertionError: Incorrect status code: 200",
        "time" : {
          "start" : 1725461218327,
          "stop" : 1725461218580,
          "duration" : 253
        }
      } ]
    },
    "tags" : [ "@pytest.mark.xfail(reason='Some tests should fail due to invalid data.')" ]
  },
  "source" : "ad4509bd5f1a9758.json",
  "parameterValues" : [ "100" ]
}